C51 COMPILER V8.05a   ADC                                                                  09/09/2017 11:44:38 PAGE 1   


C51 COMPILER V8.05a, COMPILATION OF MODULE ADC
OBJECT MODULE PLACED IN adc.OBJ
COMPILER INVOKED BY: C:\Keil\C51\BIN\C51.EXE adc.c LARGE BROWSE DEBUG OBJECTEXTEND

line level    source

   1          //#############################################################################
   2          //头文件包含
   3          //#############################################################################
   4          //#include <math.h>
   5          #include "REG15W4Kxx.h"
   6          #include "delay.h"
   7          #include "main.h"
   8          #include "basal.h"
   9          #include "tuxinghua.h"
  10          #include "HT1621.h"
  11          
  12          //#############################################################################
  13          //变量定义
  14          //#############################################################################
  15          unsigned int  balance_value[3]={0};         //存储平衡时的各通道值
  16          unsigned int  value_present[3]={0};         //存储各通道当前值
  17          unsigned char channel_present=0;            //描述当前通道
  18          unsigned char channel_total=3;              //总通道数
  19          unsigned char balance_sample_num=50;        //获取平衡值的采样次数
  20          unsigned char balance_sample_num_buf=50;
  21          unsigned char flag_balance=0;               //平衡值采样结束标志
  22          unsigned char flag_adc_complete=1;          //adc采样结束中断
  23          unsigned char flag_adjust = 0; 
  24          unsigned char flag_jump   = 0;  
  25          
  26          //#############################################################################
  27          //函数名称：void initial_adc(void)
  28          //函数说明：adc初始化
  29          //入口参数：无
  30          //出口参数：无    
  31          //#############################################################################
  32          void initial_adc(void)
  33          {
  34   1              P1ASF = 0x07;         //将P1.0-P1.1口作为模拟输入       
  35   1              CLK_DIV  |= 0x20;     //高两位在ADC_RES, 低8位在ADC_RESL
  36   1              ADC_RES   = 0;  
  37   1              ADC_RESL  = 0;
  38   1              ADC_CONTR = 0xE0;     //ADC电源打开，速度设为最快
  39   1              EADC = 1;             //ADC中断使能位  1-->使能 0-->关闭
  40   1      }
  41          
  42          //#############################################################################
  43          //函数名称：void start_adc(void)
  44          //函数说明：启动adc
  45          //入口参数：无
  46          //出口参数：无
  47          //#############################################################################
  48          void start_adc(void)
  49          {
  50   1              ADC_CONTR =  0xE0 + channel_present;  //启动某一通道的adc
  51   1              ADC_CONTR |= 0x08;                    //ADC_START=1
  52   1      }
  53          
  54          //#############################################################################
  55          //函数名称：void get_balance_value(void)
C51 COMPILER V8.05a   ADC                                                                  09/09/2017 11:44:38 PAGE 2   

  56          //函数说明：获得平衡状态的值
  57          //入口参数：无
  58          //出口参数：无
  59          //#############################################################################
  60          void get_balance_value(void)
  61          {
  62   1        unsigned char i;
  63   1              for(i=0;i<channel_total*balance_sample_num;i++)
  64   1              {
  65   2                  start_adc();
  66   2                      while(flag_adc_complete);
  67   2                      flag_adc_complete=1;
  68   2              }
  69   1              flag_adjust=1;
  70   1      }                                               
  71          //#############################################################################
  72          //函数名称：void get_present_value(void)
  73          //函数说明：获得当前状态的值
  74          //入口参数：无
  75          //出口参数：无
  76          //#############################################################################
  77          void get_present_value(void)
  78          {
  79   1        unsigned char i;
  80   1              for(i=0;i<channel_total;i++)
  81   1              {
  82   2                start_adc();
  83   2                      while(flag_adc_complete);
  84   2                      flag_adc_complete=1;
  85   2              }
  86   1      }
  87          
  88          //#############################################################################
  89          //函数名称：void adc_int(void) interrupt 5
  90          //函数说明：adc中断
  91          //入口参数：无
  92          //出口参数：无
  93          //#############################################################################
  94          void adc_int(void) interrupt 5    
  95          {
  96   1        unsigned int buf=0;
  97   1              unsigned char i;
  98   1      
  99   1        ADC_CONTR &= 0xef;      //ADC_flag=0
 100   1      
 101   1              if(flag_balance == 0)
 102   1              {
 103   2                  buf=ADC_RES;
 104   2                  buf<<=8;
 105   2                  buf+=ADC_RESL;                                                                                       
 106   2      
 107   2                  balance_value[channel_present]+=buf;
 108   2                      channel_present++;
 109   2                      if(channel_present==channel_total)
 110   2                      {
 111   3                      channel_present=0;
 112   3                              balance_sample_num_buf--;
 113   3                      }
 114   2                      if(balance_sample_num_buf==0)
 115   2                      {
 116   3                          for(i=0;i<channel_total;i++)
 117   3                             balance_value[i]=balance_value[i]/balance_sample_num;
C51 COMPILER V8.05a   ADC                                                                  09/09/2017 11:44:38 PAGE 3   

 118   3                      flag_balance=1;
 119   3                      }
 120   2              }
 121   1              else
 122   1              {
 123   2                  buf=ADC_RES;
 124   2                  buf<<=8;
 125   2                  buf+=ADC_RESL;
 126   2                  value_present[channel_present]=buf;
 127   2                      channel_present++;
 128   2                      if(channel_present==channel_total)
 129   2                      channel_present=0;
 130   2              }
 131   1              flag_adc_complete=0;
 132   1      }  
 133          
 134          //#############################################################################
 135          //函数名称：void adc_adjust(void)
 136          //函数说明：adc调整
 137          //入口参数：无
 138          //出口参数：无
 139          //#############################################################################
 140          void adc_adjust(void)
 141          {  
 142   1              uchar i;
 143   1              flag_adjust = 0;
 144   1              get_present_value();
 145   1      
 146   1              // 右倾
 147   1              if((value_present[2]>balance_value[2]+40)&&(value_present[1]<balance_value[1]-40))                
 148   1              {   
 149   2                      EX0 = 0;
 150   2                      TR1 = 0;
 151   2                      
 152   2                      delay500us(50);
 153   2                      position[7]+=40;
 154   2                                              PWM_24();
 155   2                      delay500ms(1);
 156   2                      position[7]-=40;
 157   2                                              PWM_24();
 158   2                      delay500ms(1); 
 159   2                      flag_jump=1;
 160   2                      flag_adjust=1;
 161   2                      PWM_24();
 162   2                      
 163   2                      for(i=0;i<24;i++)
 164   2                      {
 165   3                               jichu[i]=0;
 166   3                      }               
 167   2                      EX0  = 1;
 168   2                      B_IR_Press = 0;         //清除IR键按下标志   
 169   2              }
 170   1      
 171   1              //左倾
 172   1              if((value_present[2]<balance_value[2]-40)&&(value_present[1]<balance_value[1]-40))
 173   1              {
 174   2                      EX0 = 0;
 175   2                      TR1 = 0;
 176   2                      
 177   2                      delay500us(50);
 178   2                      position[6]-=40;
 179   2                      PWM_24();
C51 COMPILER V8.05a   ADC                                                                  09/09/2017 11:44:38 PAGE 4   

 180   2                      delay500ms(1);
 181   2                      position[6]+=40;
 182   2                      PWM_24();
 183   2                      delay500ms(1);  
 184   2                      flag_jump=1;
 185   2                      flag_adjust=1;
 186   2                      PWM_24();
 187   2                      
 188   2                      for(i=0;i<24;i++)
 189   2                      {
 190   3                              jichu[i]=0;
 191   3                      }  
 192   2                      EX0  = 1;
 193   2                      B_IR_Press = 0;         //清除IR键按下标
 194   2              }
 195   1      
 196   1              //后倾
 197   1              if((value_present[0]<balance_value[0]-40)&&(value_present[1]<balance_value[1]-40))
 198   1              {         
 199   2                      EX0 = 0;
 200   2                      TR1 = 0;
 201   2                      
 202   2                      delay500us(50);
 203   2                      hpq();
 204   2                      delay500us(100);
 205   2                      flag_jump=1;
 206   2                      flag_adjust=1;
 207   2                      PWM_24();
 208   2                      
 209   2                      for(i=0;i<24;i++)
 210   2                      {
 211   3                              jichu[i]=0;
 212   3                      }   
 213   2                      EX0  = 1;
 214   2                      B_IR_Press = 0;         //清除IR键按下标      
 215   2              }
 216   1      
 217   1              //前倾
 218   1              if((value_present[0]>balance_value[0]+40)&&(value_present[1]<balance_value[1]-40))
 219   1              {         
 220   2                      EX0 = 0;
 221   2                      TR1 = 0;
 222   2                      
 223   2                      delay500us(50);
 224   2                      qianpq();
 225   2                      delay500us(100);
 226   2                      flag_jump=1;
 227   2                      flag_adjust=1;
 228   2                      PWM_24();
 229   2                      
 230   2                      for(i=0;i<24;i++)
 231   2                      {
 232   3                              jichu[i]=0;
 233   3                      }   
 234   2                      EX0  = 1;
 235   2                      B_IR_Press = 0;         //清除IR键按下标 
 236   2              }
 237   1                       
 238   1              flag_adjust = 1;
 239   1      }  
 240          
 241          
C51 COMPILER V8.05a   ADC                                                                  09/09/2017 11:44:38 PAGE 5   

 242          
 243          
 244          
 245          
 246          
 247          
 248          


MODULE INFORMATION:   STATIC OVERLAYABLE
   CODE SIZE        =    991    ----
   CONSTANT SIZE    =   ----    ----
   XDATA SIZE       =     20       4
   PDATA SIZE       =   ----    ----
   DATA SIZE        =   ----    ----
   IDATA SIZE       =   ----    ----
   BIT SIZE         =   ----    ----
END OF MODULE INFORMATION.


C51 COMPILATION COMPLETE.  0 WARNING(S),  0 ERROR(S)
