C51 COMPILER V8.05a   QIANSHOU                                                             09/09/2017 11:44:40 PAGE 1   


C51 COMPILER V8.05a, COMPILATION OF MODULE QIANSHOU
OBJECT MODULE PLACED IN qianshou.OBJ
COMPILER INVOKED BY: C:\Keil\C51\BIN\C51.EXE qianshou.c LARGE BROWSE DEBUG OBJECTEXTEND

line level    source

   1          //基础子程序
   2          #include <math.h>
   3          //#include "REG15W4Kxx.h"
   4          #include "delay.h"
   5          #include "main.h"
   6          #include "basal.h"
   7          
   8          //#############################################################################
   9          // 函数名称：void qianshou_1()
  10          // 函数说明：千手单手整齐
  11          // 入口参数：无
  12          // 出口参数：无
  13          //#############################################################################
  14          void qianshou_1()
  15          {
  16   1               uchar j;
  17   1                    for(j=0;j<50;j++)                           //左手抬起
  18   1                                  {
  19   2                                   position[12]-=2;
  20   2                                       PWM_24();
  21   2                                       low_level_500u(40);
  22   2                                      }   
  23   1                                       PWM_24();
  24   1                                      delay500ms(1);
  25   1      
  26   1                    for(j=0;j<50;j++)
  27   1                                  {
  28   2                                   position[12]-=2;
  29   2                                        PWM_24();
  30   2                                        low_level_500u(40);
  31   2                                  }
  32   1                          delay500ms(1);
  33   1      
  34   1                                
  35   1                    for(j=0;j<50;j++)                           //左手放下
  36   1                                  {
  37   2                                   position[12]+=2;
  38   2                                        PWM_24();
  39   2                                       low_level_500u(40);
  40   2                                  }
  41   1                                      delay500ms(1);
  42   1      
  43   1                    for(j=0;j<50;j++)
  44   1                                  {
  45   2                                   position[12]+=2;
  46   2                                        PWM_24();
  47   2                                        low_level_500u(40);
  48   2                                  }
  49   1                          delay500ms(1);
  50   1      
  51   1      
  52   1                                for(j=0;j<50;j++)                           //右手抬起
  53   1                                  {
  54   2                                   position[14]+=2;
  55   2                                        PWM_24();
C51 COMPILER V8.05a   QIANSHOU                                                             09/09/2017 11:44:40 PAGE 2   

  56   2                                       low_level_500u(40);
  57   2                                      }
  58   1                                      delay500ms(1);
  59   1      
  60   1                    for(j=0;j<50;j++)
  61   1                                  {
  62   2                                   position[14]+=2;
  63   2                                        PWM_24();
  64   2                                         low_level_500u(40);
  65   2                                  }
  66   1                          delay500ms(1);
  67   1      
  68   1      
  69   1                    for(j=0;j<50;j++)                           //右手放下
  70   1                                  {
  71   2                                   position[14]-=2;
  72   2                                        PWM_24();
  73   2                                         low_level_500u(40);
  74   2                                       }
  75   1                                      delay500ms(1);
  76   1      
  77   1                    for(j=0;j<50;j++)
  78   1                                  {
  79   2                                   position[14]-=2;
  80   2                                        PWM_24();
  81   2                                         low_level_500u(40);
  82   2                               }
  83   1                          delay500ms(1);
  84   1      
  85   1      }//#############################################################################
  86          // 函数名称：void qianshou_2()
  87          // 函数说明：千手单手前后
  88          // 入口参数：无
  89          // 出口参数：无
  90          //#############################################################################
  91          void qianshou_2()
  92          {
  93   1               uchar j;
  94   1      
  95   1                           ForwardDelay();                         //调用千手步前延时子程序
  96   1                                for(j=0;j<200;j++)                           //左手抬起
  97   1                                  {
  98   2                                   position[12]-=1;
  99   2                                        PWM_24();
 100   2                                       low_level_500u(40);
 101   2                                      }
 102   1                                     
 103   1                    for(j=0;j<200;j++)                           //左手放下
 104   1                                  {
 105   2                                   position[12]+=1;
 106   2                                        PWM_24();
 107   2                                       low_level_500u(40);
 108   2                                  }
 109   1                                     
 110   1                                for(j=0;j<200;j++)                           //右手抬起
 111   1                                  {
 112   2                                   position[14]+=1;
 113   2                                        PWM_24();
 114   2                                       low_level_500u(40);
 115   2                                      }
 116   1                                      
 117   1                    for(j=0;j<200;j++)                           //右手放下
C51 COMPILER V8.05a   QIANSHOU                                                             09/09/2017 11:44:40 PAGE 3   

 118   1                                  {
 119   2                                   position[14]-=1;
 120   2                                        PWM_24();
 121   2                                         low_level_500u(40);
 122   2                                       }
 123   1                                 BackDelay();     
 124   1                       
 125   1      
 126   1      }//#############################################################################
 127          // 函数名称：void qianshou_3()
 128          // 函数说明：千手双手前后
 129          // 入口参数：无
 130          // 出口参数：无
 131          //#############################################################################
 132          void qianshou_3(uchar number)
 133          {
 134   1               uchar j,i;
 135   1                            for(j=0;j<100;j++)                           //双手举平
 136   1                                  {
 137   2                                   position[12]-=1;
 138   2                                       position[14]+=1;
 139   2                                        PWM_24();
 140   2                                       low_level_500u(40);
 141   2                                  }
 142   1      
 143   1                       ForwardDelay();                         //调用千手步前延时子程序                 
 144   1      
 145   1                 for(i=0;i<number;i++)
 146   1                   {
 147   2      
 148   2                                for(j=0;j<100;j++)                           //左手抬高，右手放下
 149   2                                  {
 150   3                                   position[12]-=1;
 151   3                                       position[14]-=1;
 152   3                                        PWM_24();
 153   3                                       low_level_500u(40);
 154   3                                  }
 155   2                          delay1s(1);
 156   2      
 157   2                                for(j=0;j<100;j++)                           //双手举平
 158   2                                  {
 159   3                                   position[12]+=1;
 160   3                                       position[14]+=1;
 161   3                                        PWM_24();
 162   3                                       low_level_500u(40);
 163   3                                  }
 164   2      
 165   2                                for(j=0;j<100;j++)                           //右手抬高，左手放下
 166   2                                  {
 167   3                                   position[12]+=1;
 168   3                                       position[14]+=1;
 169   3                                        PWM_24();
 170   3                                       low_level_500u(40);
 171   3                                  }
 172   2                           delay1s(1);
 173   2      
 174   2                    for(j=0;j<100;j++)                           //双手举平
 175   2                                  {
 176   3                                   position[12]-=1;
 177   3                                       position[14]-=1;
 178   3                                        PWM_24();
 179   3                                         low_level_500u(40);
C51 COMPILER V8.05a   QIANSHOU                                                             09/09/2017 11:44:40 PAGE 4   

 180   3                                       }
 181   2                    }
 182   1      
 183   1                       BackDelay();                    //调用千手步后延时子程序
 184   1      
 185   1                    for(j=0;j<100;j++)                           //双手放下
 186   1                                  {
 187   2                                   position[12]+=1;
 188   2                                       position[14]-=1;
 189   2                                        PWM_24();
 190   2                                         low_level_500u(40);
 191   2                                       }
 192   1      }//#############################################################################
 193          // 函数名称：void qianshou_4()
 194          // 函数说明：千手双手弯曲
 195          // 入口参数：无
 196          // 出口参数：无
 197          //#############################################################################
 198          void qianshou_4(uchar number)
 199          {
 200   1               uchar j,i;
 201   1      
 202   1                            for(j=0;j<100;j++)                           //双手举平
 203   1                                  {
 204   2                                   position[12]-=1;
 205   2                                       position[14]+=1;
 206   2                                        PWM_24();
 207   2                                       low_level_500u(40);
 208   2                                      }
 209   1                            for(j=0;j<100;j++)                           //肩膀高，胳膊平
 210   1                                  {
 211   2                                   position[12]-=1;
 212   2                                       position[14]+=1;
 213   2                       position[13]+=1;
 214   2                                       position[15]-=1;
 215   2                                        PWM_24();
 216   2                                         low_level_500u(40);
 217   2                                       }
 218   1      
 219   1                    for(j=0;j<100;j++)                           //肩膀平，胳膊平（双手举平）
 220   1                                  {
 221   2                                   position[12]+=1;
 222   2                                       position[14]-=1;
 223   2                       position[13]-=1;
 224   2                                       position[15]+=1;
 225   2                                        PWM_24();
 226   2                                         low_level_500u(40);
 227   2                                       }
 228   1      
 229   1                    for(j=0;j<100;j++)                           //肩膀低，胳膊平
 230   1                                  {
 231   2                                   position[12]+=1;
 232   2                                       position[14]-=1;
 233   2                       position[13]-=1;
 234   2                                       position[15]+=1;
 235   2                                        PWM_24();
 236   2                                         low_level_500u(40);
 237   2                                       }
 238   1                                         ForwardDelay();                         //调用千手步前延时子程序
 239   1                                 
 240   1                                
 241   1                                for(j=0;j<100;j++)                           //肩膀平，胳膊平（双手举平）
C51 COMPILER V8.05a   QIANSHOU                                                             09/09/2017 11:44:40 PAGE 5   

 242   1                                  {
 243   2                                   position[12]-=1;
 244   2                                       position[14]+=1;
 245   2                       position[13]+=1;
 246   2                                       position[15]-=1;
 247   2                                        PWM_24();
 248   2                                         low_level_500u(40);
 249   2                                       }
 250   1                       for(i=0;i<number;i++)                           
 251   1                         {
 252   2                                for(j=0;j<100;j++)                           //肩膀高，胳膊平
 253   2                                  {
 254   3                                   position[12]-=1;
 255   3                                       position[14]+=1;
 256   3                       position[13]+=1;
 257   3                                       position[15]-=1;
 258   3                                        PWM_24();
 259   3                                         low_level_500u(40);
 260   3                                       }
 261   2      
 262   2                    for(j=0;j<100;j++)                           //肩膀平，胳膊平（双手举平）
 263   2                                  {
 264   3                                   position[12]+=1;
 265   3                                       position[14]-=1;
 266   3                       position[13]-=1;
 267   3                                       position[15]+=1;
 268   3                                        PWM_24();
 269   3                                         low_level_500u(40);
 270   3                                       }
 271   2      
 272   2                    for(j=0;j<100;j++)                           //肩膀低，胳膊平
 273   2                                  {
 274   3                                   position[12]+=1;
 275   3                                       position[14]-=1;
 276   3                       position[13]-=1;
 277   3                                       position[15]+=1;
 278   3                                        PWM_24();
 279   3                                         low_level_500u(40);
 280   3                                       }
 281   2                                for(j=0;j<100;j++)                           //肩膀平，胳膊平（双手举平）
 282   2                                  {
 283   3                                   position[12]-=1;
 284   3                                       position[14]+=1;
 285   3                       position[13]+=1;
 286   3                                       position[15]-=1;
 287   3                                        PWM_24();
 288   3                                         low_level_500u(40);
 289   3                                      }
 290   2                         }
 291   1                                  BackDelay();                         //调用千手步后延时子程序
 292   1      
 293   1      
 294   1                    for(j=0;j<100;j++)                           //双手放下(复位)
 295   1                                  {
 296   2                                   position[12]+=1;
 297   2                                       position[14]-=1;
 298   2                                        PWM_24();
 299   2                                       low_level_500u(40);
 300   2                                      }
 301   1                                
 302   1      }//#############################################################################
 303          // 函数名称：void qianshou_5()
C51 COMPILER V8.05a   QIANSHOU                                                             09/09/2017 11:44:40 PAGE 6   

 304          // 函数说明：千手双手圆弧
 305          // 入口参数：无
 306          // 出口参数：无
 307          //#############################################################################
 308          void qianshou_5(uchar number,uchar sudu1)
 309          {
 310   1                   uchar j,i;
 311   1                        for(i=0;i<number;i++)
 312   1                  {
 313   2                    for(j=0;j<85;j++)                           //双手举过头，呈圆弧
 314   2                                  {
 315   3                                   position[12]-=2;
 316   3                                       position[14]+=2;
 317   3                       position[13]-=1;
 318   3                                       position[15]+=1;
 319   3                                        PWM_24();
 320   3                                       low_level_500u(sudu1);
 321   3                                  }
 322   2      
 323   2                    for(j=0;j<85;j++)                           //放下（复位）
 324   2                                  {
 325   3                                   position[12]+=2;
 326   3                                       position[14]-=2;
 327   3                       position[13]+=1;
 328   3                                       position[15]-=1;
 329   3                                        PWM_24();
 330   3                                        low_level_500u(sudu1);
 331   3                                  }
 332   2                  }
 333   1      }
 334          //#############################################################################
 335          // 函数名称：void qianshou_6()
 336          // 函数说明：千手角度手
 337          // 入口参数：无
 338          // 出口参数：无
 339          //#############################################################################    
 340          void qianshou_6()
 341          {
 342   1                
 343   1                  uint i,i1,i2;
 344   1                                      i1=part;
 345   1                                      i2=total;
 346   1                                    
 347   1                                      ForwardDelay();                         //调用千手步前延时子程序
 348   1                      ForwardDelay();
 349   1                                      ForwardDelay();                         //调用千手步前延时子程序
 350   1                                
 351   1                                        i=180*i1/(i2+1);                                                
 352   1                                      
 353   1                      relative(0,0,0,0,0,0,0,0,0,0,0,0,(-1)*i,0,i,0,0,0,0,0,0,0,0,0);
 354   1                      p_to_p(15,20);
 355   1      
 356   1                                        
 357   1                           BackDelay();                    //调用千手步后延时子程序
 358   1                           BackDelay();
 359   1                                               BackDelay();                    //调用千手步后延时子程序
 360   1                                               delay1s(2);
 361   1      
 362   1                              i=180*(i2-i1+1)/(i2+1);
 363   1                              relative(0,0,0,0,0,0,0,0,0,0,0,0,(-1)*i,0,i,0,0,0,0,0,0,0,0,0);
 364   1                      p_to_p(15,20);
 365   1                              delay1s(2);
C51 COMPILER V8.05a   QIANSHOU                                                             09/09/2017 11:44:40 PAGE 7   

 366   1      
 367   1                              
 368   1                              relative(0,0,0,0,0,0,6,-5,0,0,0,0,10,0,-10,0,0,0,0,0,0,0,0,0);
 369   1                      p_to_p(15,20);
 370   1                               delay500ms(2);
 371   1                                                                                                
 372   1      }
 373          //#############################################################################
 374          // 函数名称：void qianshou_7()
 375          // 函数说明：千手圆环
 376          // 入口参数：无
 377          // 出口参数：无
 378          //#############################################################################
 379          void qianshou_7(uchar number)
 380          {
 381   1                   uchar j,i;
 382   1                            for(j=0;j<85;j++)                           //双手举过头，呈圆弧
 383   1                                  {
 384   2                                   position[12]-=2;
 385   2                                       position[14]+=2;
 386   2                       position[13]-=1;
 387   2                                       position[15]+=1;
 388   2                                        PWM_24();
 389   2                                       low_level_500u(40);
 390   2                                      }
 391   1      
 392   1                                          ForwardDelay();                         //调用千手步前延时子程序
 393   1               
 394   1                       for(i=0;i<number;i++)                           
 395   1                         {        
 396   2                                for(j=0;j<50;j++)                           
 397   2                                  {
 398   3                                   position[0]-=1;
 399   3                                       position[1]+=2;
 400   3                       position[2]+=1;
 401   3                                       position[3]+=1;
 402   3                                       position[4]-=2;
 403   3                                       position[5]-=1;
 404   3                                        PWM_24();
 405   3                                      low_level_500u(50);
 406   3                                      }
 407   2                                        BackDelay();                            //调用千手步后延时子程序
 408   2                                        ForwardDelay();                         //调用千手步前延时子程序
 409   2                                for(j=0;j<50;j++)                           
 410   2                                  {
 411   3                                   position[0]+=1;
 412   3                                       position[1]-=2;
 413   3                       position[2]-=1;
 414   3                                       position[3]-=1;
 415   3                                       position[4]+=2;
 416   3                                       position[5]+=1;
 417   3                                        PWM_24();
 418   3                                      low_level_500u(50);
 419   3                                      }
 420   2                         }   
 421   1               
 422   1                                BackDelay();                    //调用千手步后延时子程序
 423   1                                for(j=0;j<(10*(total-part));j++)                           
 424   1                                  {
 425   2                                   position[0]-=1;
 426   2                                       position[1]+=2;
 427   2                       position[2]+=1;
C51 COMPILER V8.05a   QIANSHOU                                                             09/09/2017 11:44:40 PAGE 8   

 428   2                                       position[3]+=1;
 429   2                                       position[4]-=2;
 430   2                                       position[5]-=1;
 431   2                                        PWM_24();
 432   2                                       low_level_500u(40);
 433   2                                      }
 434   1                                for(j=0;j<(total*part);j++)                           
 435   1                                  {
 436   2                                   position[0]-=0;
 437   2                                       position[1]+=0;
 438   2                       position[2]+=0;
 439   2                                       position[3]+=0;
 440   2                                       position[4]-=0;
 441   2                                       position[5]-=0;
 442   2                                        PWM_24();
 443   2                                       low_level_500u(40);
 444   2                                      }
 445   1       
 446   1                                for(j=0;j<5;j++)                           //
 447   1                                  {
 448   2                                   position[12]+=14;
 449   2                                       position[14]-=14;
 450   2                       position[13]+=17;
 451   2                                       position[15]-=17;
 452   2                                        PWM_24();
 453   2                                       low_level_500u(70);
 454   2                                      }
 455   1                                         delay10ms(20);
 456   1                                      ForwardDelay();                         //调用千手步前延时子程序
 457   1      
 458   1                      for(i=0;i<number;i++)                           
 459   1                         {
 460   2                                for(j=0;j<100;j++)                           //肩膀高，胳膊平
 461   2                                  {
 462   3                                   position[12]-=1;
 463   3                                       position[14]+=1;
 464   3                       position[13]+=1;
 465   3                                       position[15]-=1;
 466   3                                        PWM_24();
 467   3                                         low_level_500u(40);
 468   3                                       }
 469   2      
 470   2                    for(j=0;j<100;j++)                           //肩膀平，胳膊平（双手举平）
 471   2                                  {
 472   3                                   position[12]+=1;
 473   3                                       position[14]-=1;
 474   3                       position[13]-=1;
 475   3                                       position[15]+=1;
 476   3                                        PWM_24();
 477   3                                         low_level_500u(40);
 478   3                                       }
 479   2      
 480   2                    for(j=0;j<100;j++)                           //肩膀低，胳膊平
 481   2                                  {
 482   3                                   position[12]+=1;
 483   3                                       position[14]-=1;
 484   3                       position[13]-=1;
 485   3                                       position[15]+=1;
 486   3                                        PWM_24();
 487   3                                         low_level_500u(40);
 488   3                                       }
 489   2                                for(j=0;j<100;j++)                           //肩膀平，胳膊平（双手举平）
C51 COMPILER V8.05a   QIANSHOU                                                             09/09/2017 11:44:40 PAGE 9   

 490   2                                  {
 491   3                                   position[12]-=1;
 492   3                                       position[14]+=1;
 493   3                       position[13]+=1;
 494   3                                       position[15]-=1;
 495   3                                        PWM_24();
 496   3                                         low_level_500u(40);
 497   3                                      }
 498   2                         }
 499   1               
 500   1                           BackDelay();                       //调用千手步后延时子程序
 501   1                                for(j=0;j<(total*part);j++)                           
 502   1                                  {
 503   2                                   position[0]+=0;
 504   2                                       position[1]-=0;
 505   2                       position[2]-=0;
 506   2                                       position[3]-=0;
 507   2                                       position[4]+=0;
 508   2                                       position[5]+=0;
 509   2                                        PWM_24();
 510   2                                       low_level_500u(40);
 511   2                                      } 
 512   1       
 513   1                                for(j=0;j<(10*(total-part));j++)                           
 514   1                                  {
 515   2                                   position[0]+=1;
 516   2                                       position[1]-=2;
 517   2                       position[2]-=1;
 518   2                                       position[3]-=1;
 519   2                                       position[4]+=2;
 520   2                                       position[5]+=1;
 521   2                                        PWM_24();
 522   2                                       low_level_500u(40);
 523   2                                      }
 524   1                
 525   1                    for(j=0;j<100;j++)                           //双手放下(复位)
 526   1                                  {
 527   2                                   position[12]+=1;
 528   2                                       position[14]-=1;
 529   2                                        PWM_24();
 530   2                                       low_level_500u(40);
 531   2                                      }
 532   1      } 
 533          //#############################################################################
 534          // 函数名称：void qianshou_8()
 535          // 函数说明：千手弧度侧身
 536          // 入口参数：无
 537          // 出口参数：无
 538          //###############################################################################
 539          void qianshou_8()
 540          {
 541   1                
 542   1                   uchar j;
 543   1                                for(j=0;j<85;j++)                           //双手举过头，呈圆弧
 544   1                                  {
 545   2                                   position[12]-=2;
 546   2                                       position[14]+=2;
 547   2                       position[13]-=1;
 548   2                                       position[15]+=1;
 549   2                                        PWM_24();
 550   2                                        low_level_500u(40);
 551   2                                      }
C51 COMPILER V8.05a   QIANSHOU                                                             09/09/2017 11:44:40 PAGE 10  

 552   1      
 553   1                                          ForwardDelay();                         //调用千手步前延时子程序
 554   1      
 555   1                                for(j=0;j<15;j++)                           //身体右侧
 556   1                                  {
 557   2                                   position[8]+=1;
 558   2                                       position[9]-=1;
 559   2                       position[10]+=1;
 560   2                                       position[11]-=1;
 561   2                                        PWM_24();
 562   2                                        low_level_500u(60);
 563   2                                      }
 564   1      
 565   1                                            delay1s(2);
 566   1                                                
 567   1                                for(j=0;j<30;j++)                           //身体左侧
 568   1                                  {
 569   2                                   position[8]-=1;
 570   2                                       position[9]+=1;
 571   2                       position[10]-=1;
 572   2                                       position[11]+=1;
 573   2                                        PWM_24();
 574   2                                        low_level_500u(60);
 575   2                                      }
 576   1      
 577   1                                            delay1s(1);
 578   1                                               
 579   1                                for(j=0;j<15;j++)                           //身体居中
 580   1                                  {
 581   2                                   position[8]+=1;
 582   2                                       position[9]-=1;
 583   2                       position[10]+=1;
 584   2                                       position[11]-=1;
 585   2                                        PWM_24();
 586   2                                        low_level_500u(60);
 587   2                                      }
 588   1      
 589   1                                            BackDelay();                    //调用千手步后延时子程序
 590   1      
 591   1                                for(j=0;j<85;j++)                           //双手放下（复位）
 592   1                                  {
 593   2                                   position[12]+=2;
 594   2                                       position[14]-=2;
 595   2                       position[13]+=1;
 596   2                                       position[15]-=1;
 597   2                                        PWM_24();
 598   2                                        low_level_500u(40);
 599   2                                  }                     
 600   1      }
 601          //#############################################################################
 602          // 函数名称：void qianshou_9()
 603          // 函数说明：千手双上手前后
 604          // 入口参数：无
 605          // 出口参数：无
 606          //#############################################################################
 607          void qianshou_9(uchar number)
 608          {
 609   1                
 610   1                   uchar j,i;
 611   1                                
 612   1                        for(i=0;i<number;i++)
 613   1                  {
C51 COMPILER V8.05a   QIANSHOU                                                             09/09/2017 11:44:40 PAGE 11  

 614   2                                     ForwardDelay();                        //调用千手步前延时子程序
 615   2                    for(j=0;j<85;j++)                           //双手举过头，呈圆弧
 616   2                                  {
 617   3                                   position[12]-=2;
 618   3                                       position[14]+=2;
 619   3                       position[13]-=1;
 620   3                                       position[15]+=1;
 621   3                                        PWM_24();
 622   3                                       low_level_500u(70);
 623   3                                  }
 624   2                                        BackDelay();                           //调用千手步后延时子程序
 625   2                                        ForwardDelay();                        //调用千手步前延时子程序
 626   2                    for(j=0;j<85;j++)                           //放下（复位）
 627   2                                  {
 628   3                                   position[12]+=2;
 629   3                                       position[14]-=2;
 630   3                       position[13]+=1;
 631   3                                       position[15]-=1;
 632   3                                        PWM_24();
 633   3                                       low_level_500u(70);
 634   3                                  }
 635   2                                        BackDelay();                         //调用千手步前延时子程序
 636   2                  }
 637   1      
 638   1                        for(i=0;i<number;i++)
 639   1                  {
 640   2                                     ForwardDelay();                        //调用千手步前延时子程序
 641   2                    for(j=0;j<85;j++)                           //双手举过头，呈圆弧
 642   2                                  {
 643   3                                   position[12]-=2;
 644   3                                       position[14]+=2;
 645   3                       position[13]-=1;
 646   3                                       position[15]+=1;
 647   3                                        PWM_24();
 648   3                                       low_level_500u(70);
 649   3                                  }
 650   2                                for(j=0;j<85;j++)                           //放下（复位）
 651   2                                  {
 652   3                                   position[12]+=2;
 653   3                                       position[14]-=2;
 654   3                       position[13]+=1;
 655   3                                       position[15]-=1;
 656   3                                        PWM_24();
 657   3                                       low_level_500u(70);
 658   3                                  }
 659   2                                        BackDelay();                         //调用千手步前延时子程序
 660   2                  }
 661   1      }//#############################################################################
 662          // 函数名称：void qianshou_10()
 663          // 函数说明：千手双手弯曲
 664          // 入口参数：无
 665          // 出口参数：无
 666          //#############################################################################
 667          void qianshou_10(uchar number)
 668          {
 669   1               uchar j,i;
 670   1      
 671   1                            for(j=0;j<100;j++)                           //双手举平
 672   1                                  {
 673   2                                   position[12]-=1;
 674   2                                       position[14]+=1;
 675   2                                        PWM_24();
C51 COMPILER V8.05a   QIANSHOU                                                             09/09/2017 11:44:40 PAGE 12  

 676   2                                       low_level_500u(40);
 677   2                                      }
 678   1                            for(j=0;j<100;j++)                           //肩膀高，胳膊平
 679   1                                  {
 680   2                                   position[12]-=1;
 681   2                                       position[14]-=1;
 682   2                       position[13]+=1;
 683   2                                       position[15]+=1;
 684   2                                        PWM_24();
 685   2                                         low_level_500u(40);
 686   2                                       }
 687   1      
 688   1                    for(j=0;j<100;j++)                           //肩膀平，胳膊平（双手举平）
 689   1                                  {
 690   2                                   position[12]+=1;
 691   2                                       position[14]+=1;
 692   2                       position[13]-=1;
 693   2                                       position[15]-=1;
 694   2                                        PWM_24();
 695   2                                         low_level_500u(40);
 696   2                                       }
 697   1      
 698   1                    for(j=0;j<100;j++)                           //肩膀低，胳膊平
 699   1                                  {
 700   2                                   position[12]+=1;
 701   2                                       position[14]+=1;
 702   2                       position[13]-=1;
 703   2                                       position[15]-=1;
 704   2                                        PWM_24();
 705   2                                         low_level_500u(40);
 706   2                                       }
 707   1                                         ForwardDelay();                         //调用千手步前延时子程序
 708   1                                 
 709   1                                
 710   1                                for(j=0;j<100;j++)                           //肩膀平，胳膊平（双手举平）
 711   1                                  {
 712   2                                   position[12]-=1;
 713   2                                       position[14]-=1;
 714   2                       position[13]+=1;
 715   2                                       position[15]+=1;
 716   2                                        PWM_24();
 717   2                                         low_level_500u(40);
 718   2                                       }
 719   1                       for(i=0;i<number;i++)                           
 720   1                         {
 721   2                                for(j=0;j<100;j++)                           //肩膀高，胳膊平
 722   2                                  {
 723   3                                   position[12]-=1;
 724   3                                       position[14]-=1;
 725   3                       position[13]+=1;
 726   3                                       position[15]+=1;
 727   3                                        PWM_24();
 728   3                                         low_level_500u(40);
 729   3                                       }
 730   2      
 731   2                    for(j=0;j<100;j++)                           //肩膀平，胳膊平（双手举平）
 732   2                                  {
 733   3                                   position[12]+=1;
 734   3                                       position[14]+=1;
 735   3                       position[13]-=1;
 736   3                                       position[15]-=1;
 737   3                                        PWM_24();
C51 COMPILER V8.05a   QIANSHOU                                                             09/09/2017 11:44:40 PAGE 13  

 738   3                                         low_level_500u(40);
 739   3                                       }
 740   2      
 741   2                    for(j=0;j<100;j++)                           //肩膀低，胳膊平
 742   2                                  {
 743   3                                   position[12]+=1;
 744   3                                       position[14]+=1;
 745   3                       position[13]-=1;
 746   3                                       position[15]-=1;
 747   3                                        PWM_24();
 748   3                                         low_level_500u(40);
 749   3                                       }
 750   2                                for(j=0;j<100;j++)                           //肩膀平，胳膊平（双手举平）
 751   2                                  {
 752   3                                   position[12]-=1;
 753   3                                       position[14]-=1;
 754   3                       position[13]+=1;
 755   3                                       position[15]+=1;
 756   3                                        PWM_24();
 757   3                                         low_level_500u(40);
 758   3                                      }
 759   2                         }
 760   1                                  BackDelay();                         //调用千手步后延时子程序
 761   1      
 762   1      
 763   1                    for(j=0;j<100;j++)                           //双手放下(复位)
 764   1                                  {
 765   2                                   position[12]+=1;
 766   2                                       position[14]-=1;
 767   2                                        PWM_24();
 768   2                                       low_level_500u(40);
 769   2                                      }                                 
 770   1      }
 771          //#############################################################################
 772          // 函数名称：void qianshou()
 773          // 函数说明：千手观音
 774          // 参    数：无
 775          // 返 回 值：无
 776          //#############################################################################
 777          void qianshou()
 778          {                  
 779   1                   uchar j;
 780   1                    for(j=0;j<5;j++)                         //千手准备程序
 781   1                                  {
 782   2                                   position[12]+=2;
 783   2                                       position[14]-=2;
 784   2                                       position[6]+=1;
 785   2                                       position[7]-=1;
 786   2                                               PWM_24();
 787   2                                        low_level_500u(25);
 788   2                                      }
 789   1      
 790   1                         delay1s(1);
 791   1      
 792   1                          qianshou_1();
 793   1                                              qianshou_2();
 794   1                                              qianshou_3(2);                     //括号里面的表示次数
 795   1                                              qianshou_4(2);                                     //括号里面的表示次数
 796   1                                              qianshou_9(2);                                     //括号里面的表示次数
 797   1                                              qianshou_10(2);                    //括号里面的表示次数
 798   1                                              qianshou_5(1,60);
 799   1                                              qianshou_5(1,50);
C51 COMPILER V8.05a   QIANSHOU                                                             09/09/2017 11:44:40 PAGE 14  

 800   1                                              qianshou_5(1,40);
 801   1                                          qianshou_5(1,30);
 802   1                                              qianshou_5(1,60);
 803   1                          delay500ms(1);
 804   1                                              qianshou_6();
 805   1                                              qianshou_7(2);
 806   1                                              qianshou_8();
 807   1                                
 808   1                                for(j=0;j<5;j++)                            //双手还原
 809   1                                  {
 810   2                                   position[12]-=3;
 811   2                                       position[14]+=3;
 812   2                                       position[6]-=1;
 813   2                                       position[7]+=1;
 814   2                                        PWM_24();
 815   2                         low_level_500u(25);
 816   2                                      }
 817   1                      delay500ms(1);              
 818   1      }
 819          


MODULE INFORMATION:   STATIC OVERLAYABLE
   CODE SIZE        =   4059    ----
   CONSTANT SIZE    =   ----    ----
   XDATA SIZE       =   ----      29
   PDATA SIZE       =   ----    ----
   DATA SIZE        =   ----    ----
   IDATA SIZE       =   ----    ----
   BIT SIZE         =   ----    ----
END OF MODULE INFORMATION.


C51 COMPILATION COMPLETE.  0 WARNING(S),  0 ERROR(S)
